{"/Users/slimhong/Desktop/My Works/react-practice/src/assets/js/adder.js": {"path":"/Users/slimhong/Desktop/My Works/react-practice/src/assets/js/adder.js","statementMap":{"0":{"start":{"line":1,"column":14},"end":{"line":1,"column":29}},"1":{"start":{"line":1,"column":24},"end":{"line":1,"column":29}}},"fnMap":{"0":{"name":"(anonymous_0)","decl":{"start":{"line":1,"column":14},"end":{"line":1,"column":15}},"loc":{"start":{"line":1,"column":24},"end":{"line":1,"column":29}},"line":1}},"branchMap":{},"s":{"0":1,"1":1},"f":{"0":1},"b":{},"_coverageSchema":"332fd63041d2c1bcb487cc26dd0d5f7d97098a6c","hash":"6759a39d835c40be13174e6b362fc71f23d40420"}
}
